# JRE version: OpenJDK Runtime Environment (8.0_292-b10) (build 1.8.0_292-8u292-b10-0ubuntu1~16.04.1-b10)
# Java VM: OpenJDK 64-Bit Server VM (25.292-b10 mixed mode linux-amd64 compressed oops)
Heap:
 PSYoungGen      total 295424K, used 33941K [0x00000000eab00000, 0x0000000100000000, 0x0000000100000000)
  eden space 241664K, 0% used [0x00000000eab00000,0x00000000eab00000,0x00000000f9700000)
  from space 53760K, 63% used [0x00000000f9700000,0x00000000fb8257f0,0x00000000fcb80000)
  to   space 53760K, 0% used [0x00000000fcb80000,0x00000000fcb80000,0x0000000100000000)
 ParOldGen       total 437760K, used 434103K [0x00000000c0000000, 0x00000000dab80000, 0x00000000eab00000)
  object space 437760K, 99% used [0x00000000c0000000,0x00000000da7edd38,0x00000000dab80000)
 Metaspace       used 61202K, capacity 67453K, committed 67732K, reserved 1107968K
  class space    used 8712K, capacity 9395K, committed 9404K, reserved 1048576K
GC Heap History (10 events):
Event: 12,819 GC heap after
Heap after GC invocations=9 (full 2):
 PSYoungGen      total 226304K, used 14319K [0x00000000eab00000, 0x00000000ffa00000, 0x0000000100000000)
  eden space 211968K, 0% used [0x00000000eab00000,0x00000000eab00000,0x00000000f7a00000)
  from space 14336K, 99% used [0x00000000f7a00000,0x00000000f87fbff8,0x00000000f8800000)
  to   space 16896K, 0% used [0x00000000fe980000,0x00000000fe980000,0x00000000ffa00000)
 ParOldGen       total 105984K, used 16563K [0x00000000c0000000, 0x00000000c6780000, 0x00000000eab00000)
  object space 105984K, 15% used [0x00000000c0000000,0x00000000c102cec8,0x00000000c6780000)
 Metaspace       used 55576K, capacity 58955K, committed 59028K, reserved 1099776K
  class space    used 7742K, capacity 8068K, committed 8124K, reserved 1048576K
}
Event: 12,819 GC heap before
{Heap before GC invocations=10 (full 3):
 PSYoungGen      total 226304K, used 14319K [0x00000000eab00000, 0x00000000ffa00000, 0x0000000100000000)
  eden space 211968K, 0% used [0x00000000eab00000,0x00000000eab00000,0x00000000f7a00000)
  from space 14336K, 99% used [0x00000000f7a00000,0x00000000f87fbff8,0x00000000f8800000)
  to   space 16896K, 0% used [0x00000000fe980000,0x00000000fe980000,0x00000000ffa00000)
 ParOldGen       total 105984K, used 16563K [0x00000000c0000000, 0x00000000c6780000, 0x00000000eab00000)
  object space 105984K, 15% used [0x00000000c0000000,0x00000000c102cec8,0x00000000c6780000)
 Metaspace       used 55576K, capacity 58955K, committed 59028K, reserved 1099776K
  class space    used 7742K, capacity 8068K, committed 8124K, reserved 1048576K
Event: 12,871 GC heap after
Heap after GC invocations=10 (full 3):
 PSYoungGen      total 226304K, used 0K [0x00000000eab00000, 0x00000000ffa00000, 0x0000000100000000)
  eden space 211968K, 0% used [0x00000000eab00000,0x00000000eab00000,0x00000000f7a00000)
  from space 14336K, 0% used [0x00000000f7a00000,0x00000000f7a00000,0x00000000f8800000)
  to   space 16896K, 0% used [0x00000000fe980000,0x00000000fe980000,0x00000000ffa00000)
 ParOldGen       total 138240K, used 21524K [0x00000000c0000000, 0x00000000c8700000, 0x00000000eab00000)
  object space 138240K, 15% used [0x00000000c0000000,0x00000000c15050e8,0x00000000c8700000)
 Metaspace       used 55470K, capacity 58731K, committed 59028K, reserved 1099776K
  class space    used 7707K, capacity 8026K, committed 8124K, reserved 1048576K
}
Event: 15,269 GC heap before
{Heap before GC invocations=11 (full 3):
 PSYoungGen      total 226304K, used 211968K [0x00000000eab00000, 0x00000000ffa00000, 0x0000000100000000)
  eden space 211968K, 100% used [0x00000000eab00000,0x00000000f7a00000,0x00000000f7a00000)
  from space 14336K, 0% used [0x00000000f7a00000,0x00000000f7a00000,0x00000000f8800000)
  to   space 16896K, 0% used [0x00000000fe980000,0x00000000fe980000,0x00000000ffa00000)
 ParOldGen       total 138240K, used 21524K [0x00000000c0000000, 0x00000000c8700000, 0x00000000eab00000)
  object space 138240K, 15% used [0x00000000c0000000,0x00000000c15050e8,0x00000000c8700000)
 Metaspace       used 60594K, capacity 66699K, committed 66836K, reserved 1107968K
  class space    used 8615K, capacity 9266K, committed 9276K, reserved 1048576K
Event: 15,286 GC heap after
Heap after GC invocations=11 (full 3):
 PSYoungGen      total 258560K, used 16888K [0x00000000eab00000, 0x0000000100000000, 0x0000000100000000)
  eden space 241664K, 0% used [0x00000000eab00000,0x00000000eab00000,0x00000000f9700000)
  from space 16896K, 99% used [0x00000000fe980000,0x00000000ff9fe080,0x00000000ffa00000)
  to   space 53760K, 0% used [0x00000000f9700000,0x00000000f9700000,0x00000000fcb80000)
 ParOldGen       total 138240K, used 100468K [0x00000000c0000000, 0x00000000c8700000, 0x00000000eab00000)
  object space 138240K, 72% used [0x00000000c0000000,0x00000000c621d320,0x00000000c8700000)
 Metaspace       used 60594K, capacity 66699K, committed 66836K, reserved 1107968K
  class space    used 8615K, capacity 9266K, committed 9276K, reserved 1048576K
}
Event: 44,418 GC heap before
{Heap before GC invocations=12 (full 4):
 PSYoungGen      total 258560K, used 255653K [0x00000000eab00000, 0x0000000100000000, 0x0000000100000000)
  eden space 241664K, 98% used [0x00000000eab00000,0x00000000f942b520,0x00000000f9700000)
  from space 16896K, 99% used [0x00000000fe980000,0x00000000ff9fe080,0x00000000ffa00000)
  to   space 53760K, 0% used [0x00000000f9700000,0x00000000f9700000,0x00000000fcb80000)
 ParOldGen       total 138240K, used 104564K [0x00000000c0000000, 0x00000000c8700000, 0x00000000eab00000)
  object space 138240K, 75% used [0x00000000c0000000,0x00000000c661d330,0x00000000c8700000)
 Metaspace       used 61223K, capacity 67503K, committed 67732K, reserved 1107968K
  class space    used 8720K, capacity 9404K, committed 9404K, reserved 1048576K
Event: 44,602 GC heap after
Heap after GC invocations=12 (full 4):
 PSYoungGen      total 258560K, used 192652K [0x00000000eab00000, 0x0000000100000000, 0x0000000100000000)
  eden space 241664K, 79% used [0x00000000eab00000,0x00000000f6723338,0x00000000f9700000)
  from space 16896K, 0% used [0x00000000fe980000,0x00000000fe980000,0x00000000ffa00000)
  to   space 53760K, 0% used [0x00000000f9700000,0x00000000f9700000,0x00000000fcb80000)
 ParOldGen       total 313344K, used 137201K [0x00000000c0000000, 0x00000000d3200000, 0x00000000eab00000)
  object space 313344K, 43% used [0x00000000c0000000,0x00000000c85fc4d8,0x00000000d3200000)
 Metaspace       used 61199K, capacity 67449K, committed 67732K, reserved 1107968K
  class space    used 8712K, capacity 9395K, committed 9404K, reserved 1048576K
}
Event: 46,999 GC heap before
{Heap before GC invocations=13 (full 4):
 PSYoungGen      total 258560K, used 241664K [0x00000000eab00000, 0x0000000100000000, 0x0000000100000000)
  eden space 241664K, 100% used [0x00000000eab00000,0x00000000f9700000,0x00000000f9700000)
  from space 16896K, 0% used [0x00000000fe980000,0x00000000fe980000,0x00000000ffa00000)
  to   space 53760K, 0% used [0x00000000f9700000,0x00000000f9700000,0x00000000fcb80000)
 ParOldGen       total 313344K, used 234724K [0x00000000c0000000, 0x00000000d3200000, 0x00000000eab00000)
  object space 313344K, 74% used [0x00000000c0000000,0x00000000ce539390,0x00000000d3200000)
 Metaspace       used 61202K, capacity 67453K, committed 67732K, reserved 1107968K
  class space    used 8712K, capacity 9395K, committed 9404K, reserved 1048576K
Event: 47,115 GC heap after
Heap after GC invocations=13 (full 4):
 PSYoungGen      total 295424K, used 53560K [0x00000000eab00000, 0x0000000100000000, 0x0000000100000000)
  eden space 241664K, 0% used [0x00000000eab00000,0x00000000eab00000,0x00000000f9700000)
  from space 53760K, 99% used [0x00000000f9700000,0x00000000fcb4e100,0x00000000fcb80000)
  to   space 53760K, 0% used [0x00000000fcb80000,0x00000000fcb80000,0x0000000100000000)
 ParOldGen       total 437760K, used 435437K [0x00000000c0000000, 0x00000000dab80000, 0x00000000eab00000)
  object space 437760K, 99% used [0x00000000c0000000,0x00000000da93b6a0,0x00000000dab80000)
 Metaspace       used 61202K, capacity 67453K, committed 67732K, reserved 1107968K
  class space    used 8712K, capacity 9395K, committed 9404K, reserved 1048576K
}
Event: 47,115 GC heap before
{Heap before GC invocations=14 (full 5):
 PSYoungGen      total 295424K, used 53560K [0x00000000eab00000, 0x0000000100000000, 0x0000000100000000)
  eden space 241664K, 0% used [0x00000000eab00000,0x00000000eab00000,0x00000000f9700000)
  from space 53760K, 99% used [0x00000000f9700000,0x00000000fcb4e100,0x00000000fcb80000)
  to   space 53760K, 0% used [0x00000000fcb80000,0x00000000fcb80000,0x0000000100000000)
 ParOldGen       total 437760K, used 435437K [0x00000000c0000000, 0x00000000dab80000, 0x00000000eab00000)
  object space 437760K, 99% used [0x00000000c0000000,0x00000000da93b6a0,0x00000000dab80000)
 Metaspace       used 61202K, capacity 67453K, committed 67732K, reserved 1107968K
  class space    used 8712K, capacity 9395K, committed 9404K, reserved 1048576K

